<?xml version="1.0" encoding="UTF-8"?>
<testsuite name="com.dm.processor.CriticalPathCalculatorTest" tests="3" skipped="0" failures="0" errors="0" timestamp="2022-03-28T20:19:08" hostname="IN-G4CCTQ2-10" time="0.252">
  <properties/>
  <testcase name="shouldReturnEmptyListIfNoTasksArePresentToProcess()" classname="com.dm.processor.CriticalPathCalculatorTest" time="0.246"/>
  <testcase name="shouldReturnCriticalCostForEachStep()" classname="com.dm.processor.CriticalPathCalculatorTest" time="0.003"/>
  <testcase name="shouldThrowRuntimeExceptionIfCyclicDependencyIsPresent()" classname="com.dm.processor.CriticalPathCalculatorTest" time="0.001"/>
  <system-out><![CDATA[]]></system-out>
  <system-err><![CDATA[]]></system-err>
</testsuite>
